Android-app/timeTable/app/build/intermediates/manifest_merge_blame_file/debug/manifest-merger-blame-debug-report.txt
1<?xml version="1.0" encoding="utf-8"?>
2<manifest xmlns:android="http://schemas.android.com/apk/res/android"
3    package="com.example.timetable"
4    android:versionCode="1"
5    android:versionName="1.0" >
6
7    <uses-sdk
8        android:minSdkVersion="14"
8-->src\main\AndroidManifest.xml
9        android:targetSdkVersion="29" />
9-->src\main\AndroidManifest.xml
10
11    <application
11-->src\main\AndroidManifest.xml:5:5-25:19
12        android:name="com.example.timetable.font"
12-->src\main\AndroidManifest.xml:6:9-29
13        android:allowBackup="true"
13-->src\main\AndroidManifest.xml:7:9-35
14        android:appComponentFactory="androidx.core.app.CoreComponentFactory"
14-->[androidx.core:core:1.0.1] AndroidManifest.xml:22:18-86
15        android:debuggable="true"
16        android:icon="@mipmap/pet_cm03"
16-->src\main\AndroidManifest.xml:8:9-40
17        android:label="HAPE"
17-->src\main\AndroidManifest.xml:9:9-29
18        android:roundIcon="@mipmap/pet_cm03"
18-->src\main\AndroidManifest.xml:10:9-45
19        android:supportsRtl="true"
19-->src\main\AndroidManifest.xml:11:9-35
20        android:testOnly="true"
21        android:theme="@style/AppTheme" >
21-->src\main\AndroidManifest.xml:12:9-40
22        <activity android:name="com.example.timetable.Choose_pet" />
22-->src\main\AndroidManifest.xml:13:9-48
22-->src\main\AndroidManifest.xml:13:19-45
23        <activity android:name="com.example.timetable.Activity_Dialog" />
23-->src\main\AndroidManifest.xml:14:9-62
23-->src\main\AndroidManifest.xml:14:19-50
24        <activity android:name="com.example.timetable.MainView" />
24-->src\main\AndroidManifest.xml:15:9-46
24-->src\main\AndroidManifest.xml:15:19-43
25        <activity
25-->src\main\AndroidManifest.xml:16:9-24:20
26            android:name="com.example.timetable.Start"
26-->src\main\AndroidManifest.xml:17:13-34
27            android:theme="@android:style/Theme.Black.NoTitleBar.Fullscreen" >
27-->src\main\AndroidManifest.xml:18:13-77
28            <intent-filter>
28-->src\main\AndroidManifest.xml:19:13-23:29
29                <action android:name="android.intent.action.MAIN" />
29-->src\main\AndroidManifest.xml:20:17-69
29-->src\main\AndroidManifest.xml:20:25-66
30
31                <category android:name="android.intent.category.LAUNCHER" />
31-->src\main\AndroidManifest.xml:22:17-77
31-->src\main\AndroidManifest.xml:22:27-74
32            </intent-filter>
33        </activity>
34    </application>
35
36</manifest>